<?xml version="1.0" encoding="UTF-8"?>
<!-- Generated by org.testng.reporters.JUnitReportReporter -->
<testsuite hostname="DESKTOP-K75NTDC" failures="0" tests="1" name="com.ui.tests.LoginTest3" time="15.060" errors="0" timestamp="2025-04-09T17:54:35 IST" skipped="0">
  <testcase classname="com.ui.tests.LoginTest3" name="loginTest" time="15.060"/>
</testsuite> <!-- com.ui.tests.LoginTest3 -->
